<?xml version="1.0" encoding="UTF-8"?>
<!-- Generated by org.testng.reporters.JUnitReportReporter -->
<testsuite hostname="DESKTOP-5ONCF9P" failures="0" tests="1" name="com.qa.testscripts.TC_Vedantu" time="0.587" errors="0" timestamp="2022-12-08T09:32:01 IST" skipped="0">
  <testcase classname="com.qa.testscripts.TC_Vedantu" name="Start" time="0.587"/>
  <system-out/>
</testsuite> <!-- com.qa.testscripts.TC_Vedantu -->
