<?xml version="1.0" encoding="UTF-8"?>
<!-- Generated by org.testng.reporters.JUnitReportReporter -->
<testsuite hostname="DESKTOP-5ONCF9P" failures="0" tests="1" name="com.qa.testscripts.TC_Edureka" time="27.474" errors="0" timestamp="2022-12-07T19:25:49 IST" skipped="0">
  <testcase classname="com.qa.testscripts.TC_Edureka" name="starting" time="27.474"/>
  <system-out/>
</testsuite> <!-- com.qa.testscripts.TC_Edureka -->
