<?xml version="1.0" encoding="UTF-8"?>
<!-- Generated by org.testng.reporters.JUnitReportReporter -->
<testsuite hostname="DESKTOP-5ONCF9P" failures="0" tests="1" name="com.qa.testscripts.TC_Tutorials" time="30.016" errors="0" timestamp="2022-12-07T15:49:11 IST" skipped="0">
  <testcase classname="com.qa.testscripts.TC_Tutorials" name="Login" time="30.016"/>
  <system-out/>
</testsuite> <!-- com.qa.testscripts.TC_Tutorials -->
